Warning[205] C:\USERS\ALUNO\DESKTOP\PORTABLEGIT\ECAI11\SIMON_GAME\SIMON_GAME\CODE\MAIN.ASM 3 : Found directive in column 1. (list)
Warning[205] C:\USERS\ALUNO\DESKTOP\PORTABLEGIT\ECAI11\SIMON_GAME\SIMON_GAME\CODE\MAIN.ASM 4 : Found directive in column 1. (__CONFIG)
Warning[205] C:\USERS\ALUNO\DESKTOP\PORTABLEGIT\ECAI11\SIMON_GAME\SIMON_GAME\CODE\MAIN.ASM 5 : Found directive in column 1. (__CONFIG)
Warning[207] C:\USERS\ALUNO\DESKTOP\PORTABLEGIT\ECAI11\SIMON_GAME\SIMON_GAME\CODE\MAIN.ASM 30 : Found label after column 1. (HARD_TIMEOUT)
Warning[207] C:\USERS\ALUNO\DESKTOP\PORTABLEGIT\ECAI11\SIMON_GAME\SIMON_GAME\CODE\MAIN.ASM 31 : Found label after column 1. (EASY_TIMEOUT)
Warning[207] C:\USERS\ALUNO\DESKTOP\PORTABLEGIT\ECAI11\SIMON_GAME\SIMON_GAME\CODE\MAIN.ASM 32 : Found label after column 1. (MOVE_BASE_ADDR)
Warning[207] C:\USERS\ALUNO\DESKTOP\PORTABLEGIT\ECAI11\SIMON_GAME\SIMON_GAME\CODE\MAIN.ASM 33 : Found label after column 1. (TMR0_50MS)
Warning[207] C:\USERS\ALUNO\DESKTOP\PORTABLEGIT\ECAI11\SIMON_GAME\SIMON_GAME\CODE\MAIN.ASM 34 : Found label after column 1. (LED_RED)
Warning[207] C:\USERS\ALUNO\DESKTOP\PORTABLEGIT\ECAI11\SIMON_GAME\SIMON_GAME\CODE\MAIN.ASM 35 : Found label after column 1. (LED_YELLOW)
Warning[207] C:\USERS\ALUNO\DESKTOP\PORTABLEGIT\ECAI11\SIMON_GAME\SIMON_GAME\CODE\MAIN.ASM 36 : Found label after column 1. (LED_GREEN)
Warning[207] C:\USERS\ALUNO\DESKTOP\PORTABLEGIT\ECAI11\SIMON_GAME\SIMON_GAME\CODE\MAIN.ASM 37 : Found label after column 1. (LED_BLUE)
Message[302] C:\USERS\ALUNO\DESKTOP\PORTABLEGIT\ECAI11\SIMON_GAME\SIMON_GAME\CODE\MAIN.ASM 82 : Register in operand not in bank 0.  Ensure that bank bits are correct.
Message[302] C:\USERS\ALUNO\DESKTOP\PORTABLEGIT\ECAI11\SIMON_GAME\SIMON_GAME\CODE\MAIN.ASM 84 : Register in operand not in bank 0.  Ensure that bank bits are correct.
Message[302] C:\USERS\ALUNO\DESKTOP\PORTABLEGIT\ECAI11\SIMON_GAME\SIMON_GAME\CODE\MAIN.ASM 85 : Register in operand not in bank 0.  Ensure that bank bits are correct.
Message[302] C:\USERS\ALUNO\DESKTOP\PORTABLEGIT\ECAI11\SIMON_GAME\SIMON_GAME\CODE\MAIN.ASM 87 : Register in operand not in bank 0.  Ensure that bank bits are correct.
Message[302] C:\USERS\ALUNO\DESKTOP\PORTABLEGIT\ECAI11\SIMON_GAME\SIMON_GAME\CODE\MAIN.ASM 89 : Register in operand not in bank 0.  Ensure that bank bits are correct.
Message[302] C:\USERS\ALUNO\DESKTOP\PORTABLEGIT\ECAI11\SIMON_GAME\SIMON_GAME\CODE\MAIN.ASM 99 : Register in operand not in bank 0.  Ensure that bank bits are correct.
Message[302] C:\USERS\ALUNO\DESKTOP\PORTABLEGIT\ECAI11\SIMON_GAME\SIMON_GAME\CODE\MAIN.ASM 102 : Register in operand not in bank 0.  Ensure that bank bits are correct.
Message[305] C:\USERS\ALUNO\DESKTOP\PORTABLEGIT\ECAI11\SIMON_GAME\SIMON_GAME\CODE\MAIN.ASM 144 : Using default destination of 1 (file).
Message[305] C:\USERS\ALUNO\DESKTOP\PORTABLEGIT\ECAI11\SIMON_GAME\SIMON_GAME\CODE\MAIN.ASM 219 : Using default destination of 1 (file).
Message[305] C:\USERS\ALUNO\DESKTOP\PORTABLEGIT\ECAI11\SIMON_GAME\SIMON_GAME\CODE\MAIN.ASM 220 : Using default destination of 1 (file).
