MPASM  5.51                          MAIN.ASM   2-11-2020  11:59:25         PAGE  1


LOC  OBJECT CODE     LINE SOURCE TEXT
  VALUE

                      00001 #include <p16f887.inc>
                      00001         LIST
                      00002 
                      00003 ;==========================================================================
                      00004 ;  MPASM PIC16F887 processor include
                      00005 ; 
                      00006 ;  (c) Copyright 1999-2013 Microchip Technology, All rights reserved
                      00007 ;==========================================================================
                      00008 
                      00809         LIST
                      00002 #define button PORTB, RB0
Warning[205]: Found directive in column 1. (list)
                      00003 list p=16f887
Warning[205]: Found directive in column 1. (__CONFIG)
2007   2FF4           00004 __CONFIG _CONFIG1, 0x2FF4
Warning[205]: Found directive in column 1. (__CONFIG)
2008   3FFF           00005 __CONFIG _CONFIG2, 0x3FFF
                      00006 
                      00007 
                      00008 
                      00009         cblock 0x20
  00000020            00010                 led_cnt
  00000021            00011                 cnt_1
  00000022            00012                 cnt_2
  00000023            00013                 _wreg
  00000024            00014                 _status
  00000025            00015                 timer_counter_5s
  00000026            00016                 timer_counter_50ms
  00000027            00017                 level ; level:
                      00018                         ; 0 = Dificil
                      00019                         ; 1 = Facil
  00000028            00020                 sequency
  00000029            00021                 move
  0000002A            00022                 last_move
  0000002B            00023                 last_input
  0000002C            00024                 timeout ;
                      00025                         ;
  0000002D            00026                 current_move
                      00027                 
                      00028         endc
                      00029         
Warning[207]: Found label after column 1. (HARD_TIMEOUT)
  00000003            00030         HARD_TIMEOUT    EQU     .3
Warning[207]: Found label after column 1. (EASY_TIMEOUT)
  00000005            00031         EASY_TIMEOUT    EQU     .5
Warning[207]: Found label after column 1. (MOVE_BASE_ADDR)
  0000005F            00032         MOVE_BASE_ADDR EQU      0x05F
Warning[207]: Found label after column 1. (TMR0_50MS)
  0000003D            00033         TMR0_50MS       EQU     .61             ; Constante Literal
Warning[207]: Found label after column 1. (LED_RED)
  00000001            00034         LED_RED EQU     B'00000001'
Warning[207]: Found label after column 1. (LED_YELLOW)
  00000002            00035         LED_YELLOW      EQU     B'00000010'
MPASM  5.51                          MAIN.ASM   2-11-2020  11:59:25         PAGE  2


LOC  OBJECT CODE     LINE SOURCE TEXT
  VALUE

Warning[207]: Found label after column 1. (LED_GREEN)
  00000004            00036         LED_GREEN       EQU     B'00000100'
Warning[207]: Found label after column 1. (LED_BLUE)
  00000008            00037         LED_BLUE        EQU     B'00001000'
                      00038         
                      00039         
0000                  00040         org     0x00            ; Vetor de reset
0000   2816           00041         goto    Start
                      00042         
0004                  00043         org     0x04            ;Vetor de interrupção
0004   00A3           00044         movwf   _wreg
0005   0E03           00045         swapf   STATUS, W
0006   00A4           00046         movwf   _status
0007   0183           00047         clrf    STATUS
0008   190B           00048         btfsc   INTCON, T0IF            ; T0IF == 1 ?
0009   280B           00049         goto    Timer0Interrupt ; Yes   
000A   2811           00050         goto    ExitInterrupt   ; No
                      00051         
                      00052 
000B                  00053 Timer0Interrupt:
                      00054         
000B   110B           00055         bcf     INTCON, T0IF
000C   0AA5           00056         incf    timer_counter_5s, F
000D   0AA6           00057         incf    timer_counter_50ms, F
000E   303D           00058         movlw   TMR0_50MS
000F   0081           00059         movwf   TMR0                    ; Reseta contador TMR0
0010   2811           00060         goto    ExitInterrupt
                      00061 
0011                  00062 ExitInterrupt:
0011   0E24           00063         swapf   _status, W
0012   0083           00064         movwf   STATUS
0013   0EA3           00065         swapf   _wreg, F
0014   0E23           00066         swapf   _wreg, W        
0015   0009           00067         retfie
                      00068         
0016                  00069 Start:  
                      00070         ;----- TESTE ------
0016   3002           00071         movlw   .2
0017   3C01           00072         sublw   .1
                      00073         
                      00074         
                      00075         
                      00076         
                      00077         ;----- I/O config ------
0018   01A5           00078         clrf    timer_counter_5s
0019   01A6           00079         clrf    timer_counter_50ms
001A   1683           00080         bsf     STATUS, RP0     ; change to bank1
001B   30F0           00081         movlw    B'11110000'
Message[302]: Register in operand not in bank 0.  Ensure that bank bits are correct.
001C   0085           00082         movwf   TRISA           ; config RA0-R3 as ouput
                      00083                                 ; and RA4-RA7 as input
Message[302]: Register in operand not in bank 0.  Ensure that bank bits are correct.
001D   1006           00084         bcf     TRISB, TRISB0           
MPASM  5.51                          MAIN.ASM   2-11-2020  11:59:25         PAGE  3


LOC  OBJECT CODE     LINE SOURCE TEXT
  VALUE

Message[302]: Register in operand not in bank 0.  Ensure that bank bits are correct.
001E   1086           00085         bcf     TRISB, TRISB1   
001F   1703           00086         bsf     STATUS, RP1     ; change to bank3
Message[302]: Register in operand not in bank 0.  Ensure that bank bits are correct.
0020   0188           00087         clrf    ANSEL           ; configure all PORTA,
                      00088                                 ; pins as digital I/O
Message[302]: Register in operand not in bank 0.  Ensure that bank bits are correct.
0021   0189           00089         clrf    ANSELH                                          
                      00090         ;----- TMR0 configuração ------
                      00091         ;INTCON; TMR0; OPTION_REG
                      00092         ;OPTIN_REG: 
                      00093         ;T0CS= 0(INTOSC/4)
                      00094         ;PSA= 0 (Prescaler TMR0) 
                      00095         ;PS=111
0022   1303           00096         bcf     STATUS,RP1              ; Muda para o BANK01
                      00097         ;--- MASCARA PARA SETAR ---
0023   3007           00098         movlw   B'00000111'
Message[302]: Register in operand not in bank 0.  Ensure that bank bits are correct.
0024   0481           00099         iorwf   OPTION_REG, F           ; Setado o PSA<2:0>
                      00100         ;--- MASCARA PARA RESETAR ---
0025   30D7           00101         movlw   B'11010111'     
Message[302]: Register in operand not in bank 0.  Ensure that bank bits are correct.
0026   0581           00102         andwf   OPTION_REG, F           ; Limpa T0CS, PSA
0027   1283           00103         bcf     STATUS,RP0              ; Muda para o BANK00
0028   303D           00104         movlw   .61
0029   0081           00105         movwf   TMR0
002A   110B           00106         bcf     INTCON, T0IF            ; Limpa a flag de interrupção
002B   168B           00107         bsf     INTCON, T0IE            ; Habilita o TMR0 enterrupção
002C   178B           00108         bsf     INTCON, GIE             ; Habilita interrupção
002D   2075           00109         call    RotinaInicializacao
002E   305F           00110         movlw   MOVE_BASE_ADDR
002F   0084           00111         movwf   FSR
0030   1383           00112         bcf     STATUS, IRP
0031   01AA           00113         clrf    last_move
                      00114                 
0032                  00115 Main:
                      00116         
0032   1806           00117         btfsc   button          ; Botão Start foi pressionado ?
0033   2832           00118         goto    Main
                      00119         
                      00120 
0034   0801           00121         movf    TMR0, W
0035   00A9           00122         movwf   move                    ; Copia TMR0 para move
0036   01A8           00123         clrf    sequency                ; Sequência = 0
0037   1886           00124         btfsc   PORTB,RB1               ; Seletor de nível
0038   283A           00125         goto    LevelEasy
0039   283C           00126         goto    LevelHard
                      00127 
003A                  00128 LevelEasy:
003A   1027           00129         bcf     level, 0
003B   283E           00130         goto    Main_Loop       
003C                  00131 LevelHard:
003C   1427           00132         bsf     level, 0
MPASM  5.51                          MAIN.ASM   2-11-2020  11:59:25         PAGE  4


LOC  OBJECT CODE     LINE SOURCE TEXT
  VALUE

003D   283E           00133         goto    Main_Loop
                      00134 
003E                  00135 Main_Loop:
003E   2041           00136         call    SorteiaNumero
003F   2053           00137         call    StoreNumber
0040   2832           00138         goto    Main            
                      00139 ; ----
                      00140 ;Recebe move
0041                  00141 SorteiaNumero:
                      00142 
0041   3003           00143         movlw   0x03
Message[305]: Using default destination of 1 (file).
0042   05A9           00144         andwf   move    ; Limpa bits <7:2>
                      00145         
0043   3000           00146         movlw   .0
0044   0229           00147         subwf   move, W
0045   1903           00148         btfsc   STATUS, Z
0046   3401           00149         retlw   LED_RED
                      00150         
0047   3001           00151         movlw   .1
0048   0229           00152         subwf   move, W
0049   1903           00153         btfsc   STATUS, Z
004A   3402           00154         retlw   LED_YELLOW
                      00155         
004B   3002           00156         movlw   .2
004C   0229           00157         subwf   move, W
004D   1903           00158         btfsc   STATUS, Z
004E   3404           00159         retlw   LED_GREEN
                      00160         
004F   3003           00161         movlw   .3
0050   0229           00162         subwf   move, W
0051   1903           00163         btfsc   STATUS, Z
0052   3408           00164         retlw   LED_BLUE
                      00165         
                      00166         
0053                  00167 StoreNumber:
                      00168 
0053   0080           00169         movwf   INDF
0054   0A84           00170         incf    FSR, F
0055   0AAA           00171         incf    last_move, F
0056   0008           00172         return
                      00173 
0057                  00174 EntradaMovimento:
                      00175 
0057   1303           00176         bcf     STATUS, RP1
0058   1283           00177         bcf     STATUS, RP0     ; Muda para o Banco 0
0059   01AB           00178         clrf    last_input
005A   305F           00179         movlw   MOVE_BASE_ADDR
005B   0084           00180         movwf   FSR 
                      00181         
005C                  00182 InputLoop:
                      00183         
005C   0808           00184         movf    PORTD, W
MPASM  5.51                          MAIN.ASM   2-11-2020  11:59:25         PAGE  5


LOC  OBJECT CODE     LINE SOURCE TEXT
  VALUE

005D   390F           00185         andlw   0x0F    ; Limpa do RD<7:4>
005E   3C00           00186         sublw   0x00
005F   1D03           00187         btfss   STATUS, Z       ; Testa entradas
0060   2862           00188         goto    ButtonNotPressed
0061   2864           00189         goto    ButttonPressed
                      00190                         
                      00191                         
0062                  00192 ButtonNotPressed:
                      00193         
                      00194         
                      00195         ;btfss  timeout ; ocorreu timeout ?
0062   285C           00196         goto    InputLoop       ; Não
0063   0008           00197         return
                      00198         
0064                  00199 ButttonPressed:
                      00200 
0064   00AD           00201         movwf   current_move
0065   2070           00202         call    CompareInput
0066   3C00           00203         sublw   .0
0067   1903           00204         btfsc   STATUS, Z       ; Botão correto pressionado ?
0068   0008           00205         return          ; Não
0069   0AAB           00206         incf    last_input, F   ; Sim
006A   0A84           00207         incf    FSR, F
006B   082B           00208         movf    last_input, W
006C   022A           00209         subwf   last_move, W
006D   1803           00210         btfsc   STATUS, C       ; last_input > last_move?
006E   0008           00211         return
006F   285C           00212         goto    InputLoop
                      00213         
                      00214 
                      00215         
0070                  00216 CompareInput:
                      00217         
                      00218 
Message[305]: Using default destination of 1 (file).
0070   08AD           00219         movf    current_move
Message[305]: Using default destination of 1 (file).
0071   0280           00220         subwf   INDF
0072   1D03           00221         btfss   STATUS, Z
0073   3400           00222         retlw   .0
0074   342D           00223         retlw   current_move
                      00224 
                      00225                 
                      00226 
0075                  00227 RotinaInicializacao:
                      00228 
0075   1303           00229         bcf     STATUS, RP1
0076   1283           00230         bcf     STATUS, RP0     ; change to bank0
0077   300F           00231         movlw   0x0F                    
0078   0085           00232         movwf   PORTA           ; set pins RA0-RA3
0079   2094           00233         call    Delay_1s                ; call delay function                   
007A   01A0           00234         clrf    led_cnt         ; led_cnt = 0
                      00235         
MPASM  5.51                          MAIN.ASM   2-11-2020  11:59:25         PAGE  6


LOC  OBJECT CODE     LINE SOURCE TEXT
  VALUE

007B                  00236 LedCountLoop:
007B   0185           00237         clrf    PORTA           ; clear pins RA0-RA3
                      00238         
007C   3000           00239         movlw   .0
007D   0220           00240         subwf   led_cnt, W
007E   1903           00241         btfsc   STATUS, Z       ; led_cnt=0?
007F   1405           00242         bsf     PORTA, RA0      ; yes
                      00243         
                      00244         
0080   3001           00245         movlw   .1
0081   0220           00246         subwf   led_cnt, W
0082   1903           00247         btfsc   STATUS, Z       ; led_cnt=1?
0083   1485           00248         bsf     PORTA, RA1      ; yes
                      00249         
                      00250                                         
0084   3002           00251         movlw   .2
0085   0220           00252         subwf   led_cnt, W
0086   1903           00253         btfsc   STATUS, Z       ; led_cnt=1?
0087   1505           00254         bsf     PORTA, RA2      ; yes
                      00255         
                      00256         
0088   3003           00257         movlw   .3
0089   0220           00258         subwf   led_cnt, W
008A   1903           00259         btfsc   STATUS, Z       ; led_cnt=1?
008B   1585           00260         bsf     PORTA, RA3      ; yes
                      00261         
                      00262         
008C   20A0           00263         call    Delay_200ms                                                             
008D   0AA0           00264         incf    led_cnt, F      ; incrementa led_cnt
                      00265         
                      00266         
008E   3004           00267         movlw   .4
008F   0220           00268         subwf   led_cnt, W      
0090   1D03           00269         btfss   STATUS, Z       ; led_cnt=4?
0091   287B           00270         goto    LedCountLoop            ; no
0092   0185           00271         clrf    PORTA           ; yes
0093   0008           00272         return
                      00273         
0094                  00274 Delay_1s:
0094   20A0           00275         call    Delay_200ms
0095   20A0           00276         call    Delay_200ms
0096   20A0           00277         call    Delay_200ms
0097   20A0           00278         call    Delay_200ms
0098   20A0           00279         call    Delay_200ms
0099   0008           00280         return
                      00281         
009A                  00282 Delay_1ms:
009A   30F8           00283         movlw   .248
009B   00A1           00284         movwf   cnt_1
009C                  00285 Delay1:
009C   0000           00286         nop
009D   0BA1           00287         decfsz  cnt_1, F        ;decrement cnt_1
009E   289C           00288         goto    Delay1
MPASM  5.51                          MAIN.ASM   2-11-2020  11:59:25         PAGE  7


LOC  OBJECT CODE     LINE SOURCE TEXT
  VALUE

009F   0008           00289         return                          ; cnt equals 0
                      00290 
00A0                  00291 Delay_200ms:
00A0   30C8           00292         movlw   .200
00A1   00A2           00293         movwf   cnt_2
00A2                  00294 Delay2:
00A2   209A           00295         call    Delay_1ms
00A3   0BA2           00296         decfsz  cnt_2, F
00A4   28A2           00297         goto    Delay2  
00A5   0008           00298         return
                      00299         
                      00300         end
MPASM  5.51                          MAIN.ASM   2-11-2020  11:59:25         PAGE  8


SYMBOL TABLE
  LABEL                             VALUE 

ABDEN                             00000000
ABDOVF                            00000007
ACKDT                             00000005
ACKEN                             00000004
ACKSTAT                           00000006
ADCON0                            0000001F
ADCON1                            0000009F
ADCS0                             00000006
ADCS1                             00000007
ADDEN                             00000003
ADFM                              00000007
ADIE                              00000006
ADIF                              00000006
ADON                              00000000
ADRESH                            0000001E
ADRESL                            0000009E
ANS0                              00000000
ANS1                              00000001
ANS10                             00000002
ANS11                             00000003
ANS12                             00000004
ANS13                             00000005
ANS2                              00000002
ANS3                              00000003
ANS4                              00000004
ANS5                              00000005
ANS6                              00000006
ANS7                              00000007
ANS8                              00000000
ANS9                              00000001
ANSEL                             00000188
ANSELH                            00000189
BAUDCTL                           00000187
BCLIE                             00000003
BCLIF                             00000003
BF                                00000000
BRG0                              00000000
BRG1                              00000001
BRG10                             00000002
BRG11                             00000003
BRG12                             00000004
BRG13                             00000005
BRG14                             00000006
BRG15                             00000007
BRG16                             00000003
BRG2                              00000002
BRG3                              00000003
BRG4                              00000004
BRG5                              00000005
BRG6                              00000006
BRG7                              00000007
BRG8                              00000000
BRG9                              00000001
MPASM  5.51                          MAIN.ASM   2-11-2020  11:59:25         PAGE  9


SYMBOL TABLE
  LABEL                             VALUE 

BRGH                              00000002
ButtonNotPressed                  00000062
ButttonPressed                    00000064
C                                 00000000
C1CH0                             00000000
C1CH1                             00000001
C1IE                              00000005
C1IF                              00000005
C1OE                              00000005
C1ON                              00000007
C1OUT                             00000006
C1POL                             00000004
C1R                               00000002
C1RSEL                            00000005
C1SEN                             00000005
C2CH0                             00000000
C2CH1                             00000001
C2IE                              00000006
C2IF                              00000006
C2OE                              00000005
C2ON                              00000007
C2OUT                             00000006
C2POL                             00000004
C2R                               00000002
C2REN                             00000004
C2RSEL                            00000004
C2SYNC                            00000000
CCP1CON                           00000017
CCP1IE                            00000002
CCP1IF                            00000002
CCP1M0                            00000000
CCP1M1                            00000001
CCP1M2                            00000002
CCP1M3                            00000003
CCP1X                             00000005
CCP1Y                             00000004
CCP2CON                           0000001D
CCP2IE                            00000000
CCP2IF                            00000000
CCP2M0                            00000000
CCP2M1                            00000001
CCP2M2                            00000002
CCP2M3                            00000003
CCP2X                             00000005
CCP2Y                             00000004
CCPR1                             00000015
CCPR1H                            00000016
CCPR1L                            00000015
CCPR2                             0000001B
CCPR2H                            0000001C
CCPR2L                            0000001B
CHS0                              00000002
CHS1                              00000003
MPASM  5.51                          MAIN.ASM   2-11-2020  11:59:25         PAGE 10


SYMBOL TABLE
  LABEL                             VALUE 

CHS2                              00000004
CHS3                              00000005
CKE                               00000006
CKP                               00000004
CM1CON0                           00000107
CM2CON0                           00000108
CM2CON1                           00000109
CREN                              00000004
CSRC                              00000007
CompareInput                      00000070
D                                 00000005
DATA_ADDRESS                      00000005
DC                                00000001
DC1B0                             00000004
DC1B1                             00000005
DC2B0                             00000004
DC2B1                             00000005
D_A                               00000005
D_NOT_A                           00000005
Delay1                            0000009C
Delay2                            000000A2
Delay_1ms                         0000009A
Delay_1s                          00000094
Delay_200ms                       000000A0
EASY_TIMEOUT                      00000005
ECCPAS                            0000009C
ECCPAS0                           00000004
ECCPAS1                           00000005
ECCPAS2                           00000006
ECCPASE                           00000007
EEADR                             0000010D
EEADRH                            0000010F
EECON1                            0000018C
EECON2                            0000018D
EEDAT                             0000010C
EEDATA                            0000010C
EEDATH                            0000010E
EEIE                              00000004
EEIF                              00000004
EEPGD                             00000007
EntradaMovimento                  00000057
ExitInterrupt                     00000011
F                                 00000001
FERR                              00000002
FSR                               00000004
FVREN                             00000000
GCEN                              00000007
GIE                               00000007
GO                                00000001
GO_DONE                           00000001
GO_NOT_DONE                       00000001
HARD_TIMEOUT                      00000003
HTS                               00000002
MPASM  5.51                          MAIN.ASM   2-11-2020  11:59:25         PAGE 11


SYMBOL TABLE
  LABEL                             VALUE 

I2C_DATA                          00000005
I2C_READ                          00000002
I2C_START                         00000003
I2C_STOP                          00000004
INDF                              00000000
INTCON                            0000000B
INTE                              00000004
INTEDG                            00000006
INTF                              00000001
IOCB                              00000096
IOCB0                             00000000
IOCB1                             00000001
IOCB2                             00000002
IOCB3                             00000003
IOCB4                             00000004
IOCB5                             00000005
IOCB6                             00000006
IOCB7                             00000007
IRCF0                             00000004
IRCF1                             00000005
IRCF2                             00000006
IRP                               00000007
InputLoop                         0000005C
LED_BLUE                          00000008
LED_GREEN                         00000004
LED_RED                           00000001
LED_YELLOW                        00000002
LTS                               00000001
LedCountLoop                      0000007B
LevelEasy                         0000003A
LevelHard                         0000003C
MC1OUT                            00000007
MC2OUT                            00000006
MOVE_BASE_ADDR                    0000005F
MSK                               00000093
MSK0                              00000000
MSK1                              00000001
MSK2                              00000002
MSK3                              00000003
MSK4                              00000004
MSK5                              00000005
MSK6                              00000006
MSK7                              00000007
Main                              00000032
Main_Loop                         0000003E
NOT_A                             00000005
NOT_ADDRESS                       00000005
NOT_BO                            00000000
NOT_BOR                           00000000
NOT_DONE                          00000001
NOT_PD                            00000003
NOT_POR                           00000001
NOT_RBPU                          00000007
MPASM  5.51                          MAIN.ASM   2-11-2020  11:59:25         PAGE 12


SYMBOL TABLE
  LABEL                             VALUE 

NOT_RC8                           00000006
NOT_T1SYNC                        00000002
NOT_TO                            00000004
NOT_TX8                           00000006
NOT_W                             00000002
NOT_WRITE                         00000002
OERR                              00000001
OPTION_REG                        00000081
OSCCON                            0000008F
OSCTUNE                           00000090
OSFIE                             00000007
OSFIF                             00000007
OSTS                              00000003
P                                 00000004
P1M0                              00000006
P1M1                              00000007
PCL                               00000002
PCLATH                            0000000A
PCON                              0000008E
PDC0                              00000000
PDC1                              00000001
PDC2                              00000002
PDC3                              00000003
PDC4                              00000004
PDC5                              00000005
PDC6                              00000006
PEIE                              00000006
PEN                               00000002
PIE1                              0000008C
PIE2                              0000008D
PIR1                              0000000C
PIR2                              0000000D
PORTA                             00000005
PORTB                             00000006
PORTC                             00000007
PORTD                             00000008
PORTE                             00000009
PR2                               00000092
PRSEN                             00000007
PS0                               00000000
PS1                               00000001
PS2                               00000002
PSA                               00000003
PSSAC0                            00000002
PSSAC1                            00000003
PSSBD0                            00000000
PSSBD1                            00000001
PSTRCON                           0000009D
PULSR                             00000002
PULSS                             00000003
PWM1CON                           0000009B
R                                 00000002
RA0                               00000000
MPASM  5.51                          MAIN.ASM   2-11-2020  11:59:25         PAGE 13


SYMBOL TABLE
  LABEL                             VALUE 

RA1                               00000001
RA2                               00000002
RA3                               00000003
RA4                               00000004
RA5                               00000005
RA6                               00000006
RA7                               00000007
RB0                               00000000
RB1                               00000001
RB2                               00000002
RB3                               00000003
RB4                               00000004
RB5                               00000005
RB6                               00000006
RB7                               00000007
RBIE                              00000003
RBIF                              00000000
RC0                               00000000
RC1                               00000001
RC2                               00000002
RC3                               00000003
RC4                               00000004
RC5                               00000005
RC6                               00000006
RC7                               00000007
RC8_9                             00000006
RC9                               00000006
RCD8                              00000000
RCEN                              00000003
RCIDL                             00000006
RCIE                              00000005
RCIF                              00000005
RCREG                             0000001A
RCSTA                             00000018
RD                                00000000
RD0                               00000000
RD1                               00000001
RD2                               00000002
RD3                               00000003
RD4                               00000004
RD5                               00000005
RD6                               00000006
RD7                               00000007
RE0                               00000000
RE1                               00000001
RE2                               00000002
RE3                               00000003
READ_WRITE                        00000002
RP0                               00000005
RP1                               00000006
RSEN                              00000001
RX9                               00000006
RX9D                              00000000
MPASM  5.51                          MAIN.ASM   2-11-2020  11:59:25         PAGE 14


SYMBOL TABLE
  LABEL                             VALUE 

R_NOT_W                           00000002
R_W                               00000002
RotinaInicializacao               00000075
S                                 00000003
SBOREN                            00000004
SCKP                              00000004
SCS                               00000000
SEN                               00000000
SENDB                             00000003
SMP                               00000007
SPBRG                             00000099
SPBRGH                            0000009A
SPEN                              00000007
SR0                               00000006
SR1                               00000007
SRCON                             00000185
SREN                              00000005
SSPADD                            00000093
SSPBUF                            00000013
SSPCON                            00000014
SSPCON2                           00000091
SSPEN                             00000005
SSPIE                             00000003
SSPIF                             00000003
SSPM0                             00000000
SSPM1                             00000001
SSPM2                             00000002
SSPM3                             00000003
SSPMSK                            00000093
SSPOV                             00000006
SSPSTAT                           00000094
STATUS                            00000003
STRA                              00000000
STRB                              00000001
STRC                              00000002
STRD                              00000003
STRSYNC                           00000004
SWDTEN                            00000000
SYNC                              00000004
SorteiaNumero                     00000041
Start                             00000016
StoreNumber                       00000053
T0CS                              00000005
T0IE                              00000005
T0IF                              00000002
T0SE                              00000004
T1CKPS0                           00000004
T1CKPS1                           00000005
T1CON                             00000010
T1GINV                            00000007
T1GIV                             00000007
T1GSS                             00000001
T1INSYNC                          00000002
MPASM  5.51                          MAIN.ASM   2-11-2020  11:59:25         PAGE 15


SYMBOL TABLE
  LABEL                             VALUE 

T1OSCEN                           00000003
T1SYNC                            00000002
T2CKPS0                           00000000
T2CKPS1                           00000001
T2CON                             00000012
TMR0                              00000001
TMR0IE                            00000005
TMR0IF                            00000002
TMR0_50MS                         0000003D
TMR1                              0000000E
TMR1CS                            00000001
TMR1GE                            00000006
TMR1H                             0000000F
TMR1IE                            00000000
TMR1IF                            00000000
TMR1L                             0000000E
TMR1ON                            00000000
TMR2                              00000011
TMR2IE                            00000001
TMR2IF                            00000001
TMR2ON                            00000002
TOUTPS0                           00000003
TOUTPS1                           00000004
TOUTPS2                           00000005
TOUTPS3                           00000006
TRISA                             00000085
TRISA0                            00000000
TRISA1                            00000001
TRISA2                            00000002
TRISA3                            00000003
TRISA4                            00000004
TRISA5                            00000005
TRISA6                            00000006
TRISA7                            00000007
TRISB                             00000086
TRISB0                            00000000
TRISB1                            00000001
TRISB2                            00000002
TRISB3                            00000003
TRISB4                            00000004
TRISB5                            00000005
TRISB6                            00000006
TRISB7                            00000007
TRISC                             00000087
TRISC0                            00000000
TRISC1                            00000001
TRISC2                            00000002
TRISC3                            00000003
TRISC4                            00000004
TRISC5                            00000005
TRISC6                            00000006
TRISC7                            00000007
TRISD                             00000088
MPASM  5.51                          MAIN.ASM   2-11-2020  11:59:25         PAGE 16


SYMBOL TABLE
  LABEL                             VALUE 

TRISD0                            00000000
TRISD1                            00000001
TRISD2                            00000002
TRISD3                            00000003
TRISD4                            00000004
TRISD5                            00000005
TRISD6                            00000006
TRISD7                            00000007
TRISE                             00000089
TRISE0                            00000000
TRISE1                            00000001
TRISE2                            00000002
TRISE3                            00000003
TRMT                              00000001
TUN0                              00000000
TUN1                              00000001
TUN2                              00000002
TUN3                              00000003
TUN4                              00000004
TX8_9                             00000006
TX9                               00000006
TX9D                              00000000
TXD8                              00000000
TXEN                              00000005
TXIE                              00000004
TXIF                              00000004
TXREG                             00000019
TXSTA                             00000098
Timer0Interrupt                   0000000B
UA                                00000001
ULPWUE                            00000005
ULPWUIE                           00000002
ULPWUIF                           00000002
VCFG0                             00000004
VCFG1                             00000005
VR0                               00000000
VR1                               00000001
VR2                               00000002
VR3                               00000003
VRCON                             00000097
VREN                              00000007
VROE                              00000006
VRR                               00000005
VRSS                              00000004
W                                 00000000
WCOL                              00000007
WDTCON                            00000105
WDTPS0                            00000001
WDTPS1                            00000002
WDTPS2                            00000003
WDTPS3                            00000004
WPUB                              00000095
WPUB0                             00000000
MPASM  5.51                          MAIN.ASM   2-11-2020  11:59:25         PAGE 17


SYMBOL TABLE
  LABEL                             VALUE 

WPUB1                             00000001
WPUB2                             00000002
WPUB3                             00000003
WPUB4                             00000004
WPUB5                             00000005
WPUB6                             00000006
WPUB7                             00000007
WR                                00000001
WREN                              00000002
WRERR                             00000003
WUE                               00000001
Z                                 00000002
_BOR21V                           00003EFF
_BOR40V                           00003FFF
_BOR4V_BOR21V                     00003EFF
_BOR4V_BOR40V                     00003FFF
_BOREN_NSLEEP                     00003EFF
_BOREN_OFF                        00003CFF
_BOREN_ON                         00003FFF
_BOREN_SBODEN                     00003DFF
_BOR_NSLEEP                       00003EFF
_BOR_OFF                          00003CFF
_BOR_ON                           00003FFF
_BOR_SBODEN                       00003DFF
_CONFIG1                          00002007
_CONFIG2                          00002008
_CPD_OFF                          00003FFF
_CPD_ON                           00003F7F
_CP_OFF                           00003FFF
_CP_ON                            00003FBF
_DEBUG_OFF                        00003FFF
_DEBUG_ON                         00001FFF
_DEVID1                           00002006
_EC_OSC                           00003FFB
_EXTRC                            00003FFF
_EXTRCIO                          00003FFE
_EXTRC_OSC_CLKOUT                 00003FFF
_EXTRC_OSC_NOCLKOUT               00003FFE
_FCMEN_OFF                        000037FF
_FCMEN_ON                         00003FFF
_FOSC_EC                          00003FFB
_FOSC_EXTRC_CLKOUT                00003FFF
_FOSC_EXTRC_NOCLKOUT              00003FFE
_FOSC_HS                          00003FFA
_FOSC_INTRC_CLKOUT                00003FFD
_FOSC_INTRC_NOCLKOUT              00003FFC
_FOSC_LP                          00003FF8
_FOSC_XT                          00003FF9
_HS_OSC                           00003FFA
_IDLOC0                           00002000
_IDLOC1                           00002001
_IDLOC2                           00002002
_IDLOC3                           00002003
MPASM  5.51                          MAIN.ASM   2-11-2020  11:59:25         PAGE 18


SYMBOL TABLE
  LABEL                             VALUE 

_IESO_OFF                         00003BFF
_IESO_ON                          00003FFF
_INTOSC                           00003FFD
_INTOSCIO                         00003FFC
_INTRC_OSC_CLKOUT                 00003FFD
_INTRC_OSC_NOCLKOUT               00003FFC
_LP_OSC                           00003FF8
_LVP_OFF                          00002FFF
_LVP_ON                           00003FFF
_MCLRE_OFF                        00003FDF
_MCLRE_ON                         00003FFF
_PWRTE_OFF                        00003FFF
_PWRTE_ON                         00003FEF
_WDTE_OFF                         00003FF7
_WDTE_ON                          00003FFF
_WDT_OFF                          00003FF7
_WDT_ON                           00003FFF
_WRT_1FOURTH                      00003BFF
_WRT_256                          00003DFF
_WRT_HALF                         000039FF
_WRT_OFF                          00003FFF
_XT_OSC                           00003FF9
__16F887                          00000001
__DEBUG                           1
_status                           00000024
_wreg                             00000023
button                            PORTB, RB0
cnt_1                             00000021
cnt_2                             00000022
current_move                      0000002D
last_input                        0000002B
last_move                         0000002A
led_cnt                           00000020
level                             00000027
move                              00000029
sequency                          00000028
timeout                           0000002C
timer_counter_50ms                00000026
timer_counter_5s                  00000025


MEMORY USAGE MAP ('X' = Used,  '-' = Unused)

0000 : X---XXXXXXXXXXXX XXXXXXXXXXXXXXXX XXXXXXXXXXXXXXXX XXXXXXXXXXXXXXXX
0040 : XXXXXXXXXXXXXXXX XXXXXXXXXXXXXXXX XXXXXXXXXXXXXXXX XXXXXXXXXXXXXXXX
0080 : XXXXXXXXXXXXXXXX XXXXXXXXXXXXXXXX XXXXXX---------- ----------------
MPASM  5.51                          MAIN.ASM   2-11-2020  11:59:25         PAGE 19


MEMORY USAGE MAP ('X' = Used,  '-' = Unused)


2000 : -------XX------- ---------------- ---------------- ----------------

All other memory blocks unused.

Program Memory Words Used:   163
Program Memory Words Free:  8029


Errors   :     0
Warnings :    11 reported,     0 suppressed
Messages :    10 reported,     0 suppressed

